<?xml version="1.0" encoding="UTF-8"?>
<!-- Generated by org.testng.reporters.JUnitReportReporter -->
<testsuite skipped="0" hostname="LAPTOP-QRCIJBRV" name="hh.HhTest" tests="2" failures="0" timestamp="2023-02-11T09:24:16 SAMT" time="13.524" errors="0">
  <testcase name="checkHHMap" time="2.150" classname="hh.HhTest"/>
  <system-out/>
  <testcase name="checkHHClass" time="11.374" classname="hh.HhTest"/>
  <system-out/>
</testsuite> <!-- hh.HhTest -->
